<?xml version="1.0" encoding="UTF-8"?>
<!-- Generated by org.testng.reporters.JUnitReportReporter -->
<testsuite hostname="vtuantai" failures="0" tests="5" name="pomtest.testcases.LogInTest" time="8.040" errors="0" timestamp="2022-07-07T14:19:50 ICT" skipped="0">
  <testcase classname="pomtest.testcases.LogInTest" name="userTruePassNull" time="0.384"/>
  <system-out/>
  <testcase classname="pomtest.testcases.LogInTest" name="userNullPassNull" time="0.244"/>
  <system-out/>
  <testcase classname="pomtest.testcases.LogInTest" name="userTruePassLessThan6" time="0.336"/>
  <system-out/>
  <testcase classname="pomtest.testcases.LogInTest" name="userTruePassMoreThan6ButFalse" time="0.283"/>
  <system-out/>
  <testcase classname="pomtest.testcases.LogInTest" name="logInSuccessful" time="6.793"/>
  <system-out/>
</testsuite> <!-- pomtest.testcases.LogInTest -->
