<?xml version="1.0" encoding="UTF-8"?>
<!-- Generated by org.testng.reporters.JUnitReportReporter -->
<testsuite hostname="vtuantai" failures="0" tests="5" name="pomtest.testcases.LogInTest" time="6.737" errors="0" timestamp="2022-07-07T11:32:10 ICT" skipped="0">
  <testcase classname="pomtest.testcases.LogInTest" name="userTruePassNull" time="0.379"/>
  <system-out/>
  <testcase classname="pomtest.testcases.LogInTest" name="userNullPassNull" time="0.245"/>
  <system-out/>
  <testcase classname="pomtest.testcases.LogInTest" name="userTruePassLessThan6" time="0.255"/>
  <system-out/>
  <testcase classname="pomtest.testcases.LogInTest" name="userTruePassMoreThan6ButFalse" time="0.272"/>
  <system-out/>
  <testcase classname="pomtest.testcases.LogInTest" name="logInSuccessful" time="5.586"/>
  <system-out/>
</testsuite> <!-- pomtest.testcases.LogInTest -->
